#
# There is insufficient memory for the Java Runtime Environment to continue.
# Native memory allocation (mmap) failed to map 58720256 bytes. Error detail: G1 virtual space
# Possible reasons:
#   The system is out of physical RAM or swap space
#   This process is running with CompressedOops enabled, and the Java Heap may be blocking the growth of the native heap
# Possible solutions:
#   Reduce memory load on the system
#   Increase physical memory or swap space
#   Check if swap backing store is full
#   Decrease Java heap size (-Xmx/-Xms)
#   Decrease number of Java threads
#   Decrease Java thread stack sizes (-Xss)
#   Set larger code cache with -XX:ReservedCodeCacheSize=
#   JVM is running with Unscaled Compressed Oops mode in which the Java heap is
#     placed in the first 4GB address space. The Java Heap base address is the
#     maximum limit for the native heap growth. Please use -XX:HeapBaseMinAddress
#     to set the Java Heap base and to place the Java Heap above 4GB virtual address.
# This output file may be truncated or incomplete.
#
#  Out of Memory Error (os_windows.cpp:3631), pid=5420, tid=14044
#
# JRE version:  (22.0.2+9) (build )
# Java VM: Java HotSpot(TM) 64-Bit Server VM (22.0.2+9-70, mixed mode, sharing, tiered, compressed oops, compressed class ptrs, g1 gc, windows-amd64)
# No core dump will be written. Minidumps are not enabled by default on client versions of Windows
#

---------------  S U M M A R Y ------------

Command Line: -Dfile.encoding=UTF-8 --module-path=C:\Users\User\Downloads\Atividade4\Atividade4\build\classes GerenciamentoDePedidos

Host: Intel(R) Core(TM) i3-4160 CPU @ 3.60GHz, 4 cores, 3G,  Windows 10 , 64 bit Build 19041 (10.0.19041.4957)
Time: Thu Oct 24 12:05:01 2024 Hora oficial do Brasil elapsed time: 0.017863 seconds (0d 0h 0m 0s)

---------------  T H R E A D  ---------------

Current thread (0x000001d67ee3ca30):  JavaThread "Unknown thread" [_thread_in_vm, id=14044, stack(0x00000055b5e00000,0x00000055b5f00000) (1024K)]

Stack: [0x00000055b5e00000,0x00000055b5f00000]
Native frames: (J=compiled Java code, j=interpreted, Vv=VM code, C=native code)
V  [jvm.dll+0x6e26e9]  (no source info available)
V  [jvm.dll+0x875753]  (no source info available)
V  [jvm.dll+0x877b7e]  (no source info available)
V  [jvm.dll+0x878253]  (no source info available)
V  [jvm.dll+0x27fc86]  (no source info available)
V  [jvm.dll+0x6ded85]  (no source info available)
V  [jvm.dll+0x6d388a]  (no source info available)
V  [jvm.dll+0x358b8a]  (no source info available)
V  [jvm.dll+0x3610b6]  (no source info available)
V  [jvm.dll+0x3b419e]  (no source info available)
V  [jvm.dll+0x3b4448]  (no source info available)
V  [jvm.dll+0x32c5ec]  (no source info available)
V  [jvm.dll+0x32d258]  (no source info available)
V  [jvm.dll+0x83d5ac]  (no source info available)
V  [jvm.dll+0x3c10d1]  (no source info available)
V  [jvm.dll+0x8264cc]  (no source info available)
V  [jvm.dll+0x45bd5e]  (no source info available)
V  [jvm.dll+0x45dbe1]  (no source info available)
C  [jli.dll+0x52a3]  (no source info available)
C  [ucrtbase.dll+0x21bb2]  (no source info available)
C  [KERNEL32.DLL+0x17374]  (no source info available)
C  [ntdll.dll+0x4cc91]  (no source info available)


---------------  P R O C E S S  ---------------

Threads class SMR info:
_java_thread_list=0x00007ffb0acdc1c8, length=0, elements={
}

Java Threads: ( => current thread )
Total: 0

Other Threads:
  0x000001d67fc632d0 WorkerThread "GC Thread#0"                     [id=16140, stack(0x00000055b5f00000,0x00000055b6000000) (1024K)]
  0x000001d67fc6b1f0 ConcurrentGCThread "G1 Main Marker"            [id=10544, stack(0x00000055b6000000,0x00000055b6100000) (1024K)]
  0x000001d67fc6bd00 WorkerThread "G1 Conc#0"                       [id=7852, stack(0x00000055b6100000,0x00000055b6200000) (1024K)]

[error occurred during error reporting (printing all threads), id 0xc0000005, EXCEPTION_ACCESS_VIOLATION (0xc0000005) at pc=0x00007ffb0a42f517]
VM state: not at safepoint (not fully initialized)

VM Mutex/Monitor currently owned by a thread:  ([mutex/lock_event])
[0x00007ffb0ad5cc80] Heap_lock - owner thread: 0x000001d67ee3ca30

Heap address: 0x00000000c9400000, size: 876 MB, Compressed Oops mode: 32-bit

CDS archive(s) mapped at: [0x0000000000000000-0x0000000000000000-0x0000000000000000), size 0, SharedBaseAddress: 0x0000000800000000, ArchiveRelocationMode: 1.
Narrow klass base: 0x0000000000000000, Narrow klass shift: 0, Narrow klass range: 0x0

GC Precious Log:
 CardTable entry size: 512
 Card Set container configuration: InlinePtr #cards 5 size 8 Array Of Cards #cards 12 size 40 Howl #buckets 4 coarsen threshold 1843 Howl Bitmap #cards 512 size 80 coarsen threshold 460 Card regions per heap region 1 cards per card region 2048

Heap:
 garbage-first heap   total reserved 897024K, committed 0K, used 0K [0x00000000c9400000, 0x0000000100000000)
  region size 1024K, 0 young (0K), 0 survivors (0K)

[error occurred during error reporting (printing heap information), id 0xc0000005, EXCEPTION_ACCESS_VIOLATION (0xc0000005) at pc=0x00007ffb0a82e869]
GC Heap History (0 events):
No events

Dll operation events (1 events):
Event: 0.011 Loaded shared library C:\Program Files\Java\jdk-22\bin\java.dll

Deoptimization events (0 events):
No events

Classes loaded (0 events):
No events

Classes unloaded (0 events):
No events

Classes redefined (0 events):
No events

Internal exceptions (0 events):
No events

ZGC Phase Switch (0 events):
No events

VM Operations (0 events):
No events

Memory protections (0 events):
No events

Nmethod flushes (0 events):
No events

Events (0 events):
No events


Dynamic libraries:
0x00007ff695880000 - 0x00007ff695890000 	C:\Program Files\Java\jdk-22\bin\java.exe
0x00007ffb61650000 - 0x00007ffb61848000 	C:\Windows\SYSTEM32\ntdll.dll
0x00007ffb5fba0000 - 0x00007ffb5fc62000 	C:\Windows\System32\KERNEL32.DLL
0x00007ffb5f0c0000 - 0x00007ffb5f3be000 	C:\Windows\System32\KERNELBASE.dll
0x00007ffb5f570000 - 0x00007ffb5f670000 	C:\Windows\System32\ucrtbase.dll
0x00007ffb562a0000 - 0x00007ffb562b7000 	C:\Program Files\Java\jdk-22\bin\jli.dll
0x00007ffb578e0000 - 0x00007ffb578fb000 	C:\Program Files\Java\jdk-22\bin\VCRUNTIME140.dll
0x00007ffb5f670000 - 0x00007ffb5f80d000 	C:\Windows\System32\USER32.dll
0x00007ffb4e900000 - 0x00007ffb4eb9a000 	C:\Windows\WinSxS\amd64_microsoft.windows.common-controls_6595b64144ccf1df_6.0.19041.4355_none_60b8b9eb71f62e16\COMCTL32.dll
0x00007ffb61510000 - 0x00007ffb615ae000 	C:\Windows\System32\msvcrt.dll
0x00007ffb615d0000 - 0x00007ffb615fb000 	C:\Windows\System32\GDI32.dll
0x00007ffb5ed20000 - 0x00007ffb5ed42000 	C:\Windows\System32\win32u.dll
0x00007ffb5f3c0000 - 0x00007ffb5f4d7000 	C:\Windows\System32\gdi32full.dll
0x00007ffb5ef20000 - 0x00007ffb5efbd000 	C:\Windows\System32\msvcp_win.dll
0x00007ffb60b70000 - 0x00007ffb60b9f000 	C:\Windows\System32\IMM32.DLL
0x00007ffb5a530000 - 0x00007ffb5a53c000 	C:\Program Files\Java\jdk-22\bin\vcruntime140_1.dll
0x00007ffb33d80000 - 0x00007ffb33e0e000 	C:\Program Files\Java\jdk-22\bin\msvcp140.dll
0x00007ffb0a0f0000 - 0x00007ffb0ae39000 	C:\Program Files\Java\jdk-22\bin\server\jvm.dll
0x00007ffb60ba0000 - 0x00007ffb60c52000 	C:\Windows\System32\ADVAPI32.dll
0x00007ffb5fdb0000 - 0x00007ffb5fe50000 	C:\Windows\System32\sechost.dll
0x00007ffb5fc70000 - 0x00007ffb5fd93000 	C:\Windows\System32\RPCRT4.dll
0x00007ffb5ecf0000 - 0x00007ffb5ed17000 	C:\Windows\System32\bcrypt.dll
0x00007ffb60b00000 - 0x00007ffb60b6b000 	C:\Windows\System32\WS2_32.dll
0x00007ffb5e280000 - 0x00007ffb5e2cb000 	C:\Windows\SYSTEM32\POWRPROF.dll
0x00007ffb59000000 - 0x00007ffb59027000 	C:\Windows\SYSTEM32\WINMM.dll
0x00007ffb5a7c0000 - 0x00007ffb5a7ca000 	C:\Windows\SYSTEM32\VERSION.dll
0x00007ffb5e0f0000 - 0x00007ffb5e102000 	C:\Windows\SYSTEM32\UMPDC.dll
0x00007ffb5cb90000 - 0x00007ffb5cba2000 	C:\Windows\SYSTEM32\kernel.appcore.dll
0x00007ffb578d0000 - 0x00007ffb578da000 	C:\Program Files\Java\jdk-22\bin\jimage.dll
0x00007ffb49a80000 - 0x00007ffb49c64000 	C:\Windows\SYSTEM32\DBGHELP.DLL
0x00007ffb499d0000 - 0x00007ffb49a04000 	C:\Windows\SYSTEM32\dbgcore.DLL
0x00007ffb5f4e0000 - 0x00007ffb5f562000 	C:\Windows\System32\bcryptPrimitives.dll
0x00007ffb52590000 - 0x00007ffb525ae000 	C:\Program Files\Java\jdk-22\bin\java.dll
0x00007ffb60390000 - 0x00007ffb60aff000 	C:\Windows\System32\SHELL32.dll
0x00007ffb5f990000 - 0x00007ffb5fabb000 	C:\Windows\System32\ole32.dll
0x00007ffb60ec0000 - 0x00007ffb61213000 	C:\Windows\System32\combase.dll

dbghelp: loaded successfully - version: 4.0.5 - missing functions: none
symbol engine: initialized successfully - sym options: 0x614 - pdb path: .;C:\Program Files\Java\jdk-22\bin;C:\Windows\SYSTEM32;C:\Windows\WinSxS\amd64_microsoft.windows.common-controls_6595b64144ccf1df_6.0.19041.4355_none_60b8b9eb71f62e16;C:\Program Files\Java\jdk-22\bin\server

VM Arguments:
jvm_args: -Dfile.encoding=UTF-8 --module-path=C:\Users\User\Downloads\Atividade4\Atividade4\build\classes 
java_command: GerenciamentoDePedidos
java_class_path (initial): C:\Users\User\Downloads\mysql-connector-j-9.1.0\mysql-connector-j-9.1.0\mysql-connector-j-9.1.0.jar;C:\Users\User\Downloads\Atividade4\Atividade4\build\classes
Launcher Type: SUN_STANDARD

[Global flags]
     intx CICompilerCount                          = 3                                         {product} {ergonomic}
     uint ConcGCThreads                            = 1                                         {product} {ergonomic}
     uint G1ConcRefinementThreads                  = 4                                         {product} {ergonomic}
   size_t G1HeapRegionSize                         = 1048576                                   {product} {ergonomic}
   size_t InitialHeapSize                          = 58720256                                  {product} {ergonomic}
   size_t MarkStackSize                            = 4194304                                   {product} {ergonomic}
   size_t MaxHeapSize                              = 918552576                                 {product} {ergonomic}
   size_t MinHeapDeltaBytes                        = 1048576                                   {product} {ergonomic}
   size_t MinHeapSize                              = 8388608                                   {product} {ergonomic}
    uintx NonNMethodCodeHeapSize                   = 5832780                                {pd product} {ergonomic}
    uintx NonProfiledCodeHeapSize                  = 122912730                              {pd product} {ergonomic}
    uintx ProfiledCodeHeapSize                     = 122912730                              {pd product} {ergonomic}
    uintx ReservedCodeCacheSize                    = 251658240                              {pd product} {ergonomic}
     bool SegmentedCodeCache                       = true                                      {product} {ergonomic}
   size_t SoftMaxHeapSize                          = 918552576                              {manageable} {ergonomic}
     bool UseCompressedOops                        = true                           {product lp64_product} {ergonomic}
     bool UseG1GC                                  = true                                      {product} {ergonomic}
     bool UseLargePagesIndividualAllocation        = false                                  {pd product} {ergonomic}

Logging:
Log output configuration:
 #0: stdout all=warning uptime,level,tags foldmultilines=false
 #1: stderr all=off uptime,level,tags foldmultilines=false

Environment Variables:
PATH=C:\Program Files\Common Files\Oracle\Java\javapath;C:\Program Files (x86)\Common Files\Oracle\Java\java8path;C:\Program Files (x86)\Common Files\Oracle\Java\javapath;C:\Windows\system32;C:\Windows;C:\Windows\System32\Wbem;C:\Windows\System32\WindowsPowerShell\v1.0\;C:\Windows\System32\OpenSSH\;C:\Program Files\dotnet\;C:\Users\User\AppData\Local\Microsoft\WindowsApps;
USERNAME=User
OS=Windows_NT
PROCESSOR_IDENTIFIER=Intel64 Family 6 Model 60 Stepping 3, GenuineIntel
TMP=C:\Users\User\AppData\Local\Temp
TEMP=C:\Users\User\AppData\Local\Temp




Periodic native trim disabled

---------------  S Y S T E M  ---------------

OS:
 Windows 10 , 64 bit Build 19041 (10.0.19041.4957)
OS uptime: 3 days 3:51 hours

CPU: total 4 (initial active 4) (2 cores per cpu, 2 threads per core) family 6 model 60 stepping 3 microcode 0x27, cx8, cmov, fxsr, ht, mmx, sse, sse2, sse3, ssse3, sse4.1, sse4.2, popcnt, lzcnt, tsc, tscinvbit, avx, avx2, aes, erms, clmul, bmi1, bmi2, fma, vzeroupper, clflush, rdtscp, f16c
Processor Information for all 4 processors :
  Max Mhz: 3600, Current Mhz: 3600, Mhz Limit: 3600

Memory: 4k page, system-wide physical 3502M (225M free)
TotalPageFile size 14254M (AvailPageFile size 39M)
current process WorkingSet (physical memory assigned to process): 11M, peak: 11M
current process commit charge ("private bytes"): 52M, peak: 107M

vm_info: Java HotSpot(TM) 64-Bit Server VM (22.0.2+9-70) for windows-amd64 JRE (22.0.2+9-70), built on 2024-06-04T16:52:23Z by "mach5one" with MS VC++ 17.6 (VS2022)

END.
